000 (61967.000.000) 2024-09-12 14:09:19 Job submitted from host: <134.96.227.100:9618?addrs=134.96.227.100-9618&alias=conduit.hpc.uni-saarland.de&noUDP&sock=schedd_470837_9912>
...
040 (61967.000.000) 2024-09-12 14:09:20 Started transferring input files
	Transferring to host: <134.96.59.23:9618?addrs=134.96.59.23-9618&alias=urd.hpc.uni-saarland.de&noUDP&sock=slot1_2_31536_b6fb_55>
...
040 (61967.000.000) 2024-09-12 14:09:20 Finished transferring input files
...
001 (61967.000.000) 2024-09-12 14:09:21 Job executing on host: <134.96.59.23:9618?addrs=134.96.59.23-9618&alias=urd.hpc.uni-saarland.de&noUDP&sock=startd_31217_d80d>
	SlotName: slot1_2@urd.hpc.uni-saarland.de
	AvailableGPUs = { GPUs_GPU_797ba567,GPUs_GPU_fd3f22a4 }
	CondorScratchDir = "/raid/condor/lib/condor/execute/dir_2676414"
	Cpus = 1
	Disk = 3881
	GPUs = 2
	GPUs_GPU_797ba567 = [ ECCEnabled = true; Id = "GPU-797ba567"; DevicePciBusId = "0000:B7:00.0"; DeviceName = "NVIDIA A100-SXM4-40GB"; DriverVersion = 12.4; DeviceUuid = "797ba567-c2bc-9e67-f3ca-e44df345633c"; GlobalMemoryMb = 40326; MaxSupportedVersion = 12040; Capability = 8.0 ]
	GPUs_GPU_fd3f22a4 = [ ECCEnabled = true; Id = "GPU-fd3f22a4"; DevicePciBusId = "0000:87:00.0"; DeviceName = "NVIDIA A100-SXM4-40GB"; DriverVersion = 12.4; DeviceUuid = "fd3f22a4-de54-bfa4-de9c-cb0ec4bc8aee"; GlobalMemoryMb = 40326; MaxSupportedVersion = 12040; Capability = 8.0 ]
	Memory = 32768
...
040 (61967.000.000) 2024-09-12 14:09:23 Started transferring output files
...
040 (61967.000.000) 2024-09-12 14:09:24 Finished transferring output files
...
005 (61967.000.000) 2024-09-12 14:09:25 Job terminated.
	(1) Normal termination (return value 0)
		Usr 0 00:00:00, Sys 0 00:00:00  -  Run Remote Usage
		Usr 0 00:00:00, Sys 0 00:00:00  -  Run Local Usage
		Usr 0 00:00:00, Sys 0 00:00:00  -  Total Remote Usage
		Usr 0 00:00:00, Sys 0 00:00:00  -  Total Local Usage
	821  -  Run Bytes Sent By Job
	1076  -  Run Bytes Received By Job
	821  -  Total Bytes Sent By Job
	1076  -  Total Bytes Received By Job
	Partitionable Resources :    Usage  Request Allocated Assigned
	   Cpus                 :        0        1         1 
	   Disk (KB)            :       21        2      3881 
	   Gpus (Average)       :        0        2         2 "GPU-797ba567,GPU-fd3f22a4"
	   GpusMemory (MB)      :      638                    
	   Memory (MB)          :             32768     32768 
	   TimeExecute (s)      :        2                    
	   TimeSlotBusy (s)     :        4                    

	Job terminated of its own accord at 2024-09-12T12:09:23Z with exit-code 0.
...
000 (61976.000.000) 2024-09-12 15:50:19 Job submitted from host: <134.96.227.100:9618?addrs=134.96.227.100-9618&alias=conduit.hpc.uni-saarland.de&noUDP&sock=schedd_470837_9912>
...
040 (61976.000.000) 2024-09-12 15:50:20 Started transferring input files
	Transferring to host: <134.96.59.17:9618?addrs=134.96.59.17-9618&alias=vidar.hpc.uni-saarland.de&noUDP&sock=slot1_3_16381_a573_312>
...
040 (61976.000.000) 2024-09-12 15:50:20 Finished transferring input files
...
001 (61976.000.000) 2024-09-12 15:50:21 Job executing on host: <134.96.59.17:9618?addrs=134.96.59.17-9618&alias=vidar.hpc.uni-saarland.de&noUDP&sock=startd_16259_e66d>
	SlotName: slot1_3@vidar.hpc.uni-saarland.de
	AvailableGPUs = { GPUs_GPU_5bfc7b93,GPUs_GPU_8d4b7ff8 }
	CondorScratchDir = "/raid/condor/lib/condor/execute/dir_2302258"
	Cpus = 4
	Disk = 14312
	GPUs = 2
	GPUs_GPU_5bfc7b93 = [ ECCEnabled = true; Id = "GPU-5bfc7b93"; DevicePciBusId = "0000:BD:00.0"; DeviceName = "NVIDIA A100-SXM4-40GB"; DriverVersion = 12.2; DeviceUuid = "5bfc7b93-fea8-9c79-4741-2d177f8825a2"; GlobalMemoryMb = 40339; MaxSupportedVersion = 12020; Capability = 8.0 ]
	GPUs_GPU_8d4b7ff8 = [ ECCEnabled = true; Id = "GPU-8d4b7ff8"; DevicePciBusId = "0000:B7:00.0"; DeviceName = "NVIDIA A100-SXM4-40GB"; DriverVersion = 12.2; DeviceUuid = "8d4b7ff8-03fa-0962-fb00-0565b2366204"; GlobalMemoryMb = 40339; MaxSupportedVersion = 12020; Capability = 8.0 ]
	Memory = 32768
...
040 (61976.000.000) 2024-09-12 15:54:49 Started transferring output files
...
040 (61976.000.000) 2024-09-12 15:54:49 Finished transferring output files
...
005 (61976.000.000) 2024-09-12 15:54:49 Job terminated.
	(1) Normal termination (return value 0)
		Usr 0 00:00:00, Sys 0 00:00:00  -  Run Remote Usage
		Usr 0 00:00:00, Sys 0 00:00:00  -  Run Local Usage
		Usr 0 00:00:00, Sys 0 00:00:00  -  Total Remote Usage
		Usr 0 00:00:00, Sys 0 00:00:00  -  Total Local Usage
	3134  -  Run Bytes Sent By Job
	1076  -  Run Bytes Received By Job
	3134  -  Total Bytes Sent By Job
	1076  -  Total Bytes Received By Job
	Partitionable Resources :    Usage  Request Allocated Assigned
	   Cpus                 :     0.00        1         4 
	   Disk (KB)            :    24           2     14312 
	   Gpus (Average)       :     0           2         2 "GPU-5bfc7b93,GPU-8d4b7ff8"
	   GpusMemory (MB)      :   625                       
	   Memory (MB)          :             32768     32768 
	   TimeExecute (s)      :   268                       
	   TimeSlotBusy (s)     :   269                       

	Job terminated of its own accord at 2024-09-12T13:54:49Z with exit-code 0.
...
000 (61977.000.000) 2024-09-12 16:13:36 Job submitted from host: <134.96.227.100:9618?addrs=134.96.227.100-9618&alias=conduit.hpc.uni-saarland.de&noUDP&sock=schedd_470837_9912>
...
040 (61977.000.000) 2024-09-12 16:13:41 Started transferring input files
	Transferring to host: <134.96.59.17:9618?addrs=134.96.59.17-9618&alias=vidar.hpc.uni-saarland.de&noUDP&sock=slot1_3_16381_a573_313>
...
040 (61977.000.000) 2024-09-12 16:13:41 Finished transferring input files
...
001 (61977.000.000) 2024-09-12 16:13:42 Job executing on host: <134.96.59.17:9618?addrs=134.96.59.17-9618&alias=vidar.hpc.uni-saarland.de&noUDP&sock=startd_16259_e66d>
	SlotName: slot1_3@vidar.hpc.uni-saarland.de
	AvailableGPUs = { GPUs_GPU_5bfc7b93,GPUs_GPU_8d4b7ff8 }
	CondorScratchDir = "/raid/condor/lib/condor/execute/dir_2328906"
	Cpus = 4
	Disk = 14312
	GPUs = 2
	GPUs_GPU_5bfc7b93 = [ ECCEnabled = true; Id = "GPU-5bfc7b93"; DevicePciBusId = "0000:BD:00.0"; DeviceName = "NVIDIA A100-SXM4-40GB"; DriverVersion = 12.2; DeviceUuid = "5bfc7b93-fea8-9c79-4741-2d177f8825a2"; GlobalMemoryMb = 40339; MaxSupportedVersion = 12020; Capability = 8.0 ]
	GPUs_GPU_8d4b7ff8 = [ ECCEnabled = true; Id = "GPU-8d4b7ff8"; DevicePciBusId = "0000:B7:00.0"; DeviceName = "NVIDIA A100-SXM4-40GB"; DriverVersion = 12.2; DeviceUuid = "8d4b7ff8-03fa-0962-fb00-0565b2366204"; GlobalMemoryMb = 40339; MaxSupportedVersion = 12020; Capability = 8.0 ]
	Memory = 32768
...
040 (61977.000.000) 2024-09-12 16:13:43 Started transferring output files
...
040 (61977.000.000) 2024-09-12 16:13:43 Finished transferring output files
...
005 (61977.000.000) 2024-09-12 16:13:43 Job terminated.
	(1) Normal termination (return value 0)
		Usr 0 00:00:00, Sys 0 00:00:00  -  Run Remote Usage
		Usr 0 00:00:00, Sys 0 00:00:00  -  Run Local Usage
		Usr 0 00:00:00, Sys 0 00:00:00  -  Total Remote Usage
		Usr 0 00:00:00, Sys 0 00:00:00  -  Total Local Usage
	723  -  Run Bytes Sent By Job
	1122  -  Run Bytes Received By Job
	723  -  Total Bytes Sent By Job
	1122  -  Total Bytes Received By Job
	Partitionable Resources :    Usage  Request Allocated Assigned
	   Cpus                 :     0.03        1         4 
	   Disk (KB)            :    21           2     14312 
	   Gpus (Average)       :     0           2         2 "GPU-5bfc7b93,GPU-8d4b7ff8"
	   GpusMemory (MB)      :   625                       
	   Memory (MB)          :             32768     32768 
	   TimeExecute (s)      :     1                       
	   TimeSlotBusy (s)     :     3                       

	Job terminated of its own accord at 2024-09-12T14:13:43Z with exit-code 0.
...
000 (61978.000.000) 2024-09-12 16:17:18 Job submitted from host: <134.96.227.100:9618?addrs=134.96.227.100-9618&alias=conduit.hpc.uni-saarland.de&noUDP&sock=schedd_470837_9912>
...
040 (61978.000.000) 2024-09-12 16:17:19 Started transferring input files
	Transferring to host: <134.96.59.17:9618?addrs=134.96.59.17-9618&alias=vidar.hpc.uni-saarland.de&noUDP&sock=slot1_3_16381_a573_314>
...
040 (61978.000.000) 2024-09-12 16:17:19 Finished transferring input files
...
001 (61978.000.000) 2024-09-12 16:17:20 Job executing on host: <134.96.59.17:9618?addrs=134.96.59.17-9618&alias=vidar.hpc.uni-saarland.de&noUDP&sock=startd_16259_e66d>
	SlotName: slot1_3@vidar.hpc.uni-saarland.de
	AvailableGPUs = { GPUs_GPU_5bfc7b93,GPUs_GPU_8d4b7ff8 }
	CondorScratchDir = "/raid/condor/lib/condor/execute/dir_2333485"
	Cpus = 4
	Disk = 14312
	GPUs = 2
	GPUs_GPU_5bfc7b93 = [ ECCEnabled = true; Id = "GPU-5bfc7b93"; DevicePciBusId = "0000:BD:00.0"; DeviceName = "NVIDIA A100-SXM4-40GB"; DriverVersion = 12.2; DeviceUuid = "5bfc7b93-fea8-9c79-4741-2d177f8825a2"; GlobalMemoryMb = 40339; MaxSupportedVersion = 12020; Capability = 8.0 ]
	GPUs_GPU_8d4b7ff8 = [ ECCEnabled = true; Id = "GPU-8d4b7ff8"; DevicePciBusId = "0000:B7:00.0"; DeviceName = "NVIDIA A100-SXM4-40GB"; DriverVersion = 12.2; DeviceUuid = "8d4b7ff8-03fa-0962-fb00-0565b2366204"; GlobalMemoryMb = 40339; MaxSupportedVersion = 12020; Capability = 8.0 ]
	Memory = 32768
...
040 (61978.000.000) 2024-09-12 16:17:21 Started transferring output files
...
040 (61978.000.000) 2024-09-12 16:17:21 Finished transferring output files
...
005 (61978.000.000) 2024-09-12 16:17:22 Job terminated.
	(1) Normal termination (return value 0)
		Usr 0 00:00:00, Sys 0 00:00:00  -  Run Remote Usage
		Usr 0 00:00:00, Sys 0 00:00:00  -  Run Local Usage
		Usr 0 00:00:00, Sys 0 00:00:00  -  Total Remote Usage
		Usr 0 00:00:00, Sys 0 00:00:00  -  Total Local Usage
	1052  -  Run Bytes Sent By Job
	1215  -  Run Bytes Received By Job
	1052  -  Total Bytes Sent By Job
	1215  -  Total Bytes Received By Job
	Partitionable Resources :    Usage  Request Allocated Assigned
	   Cpus                 :        0        1         4 
	   Disk (KB)            :       22        2     14312 
	   Gpus (Average)       :                 2         2 "GPU-5bfc7b93,GPU-8d4b7ff8"
	   Memory (MB)          :             32768     32768 
	   TimeExecute (s)      :        1                    
	   TimeSlotBusy (s)     :        4                    

	Job terminated of its own accord at 2024-09-12T14:17:21Z with exit-code 0.
...
000 (61979.000.000) 2024-09-12 16:24:57 Job submitted from host: <134.96.227.100:9618?addrs=134.96.227.100-9618&alias=conduit.hpc.uni-saarland.de&noUDP&sock=schedd_470837_9912>
...
040 (61979.000.000) 2024-09-12 16:24:57 Started transferring input files
	Transferring to host: <134.96.59.17:9618?addrs=134.96.59.17-9618&alias=vidar.hpc.uni-saarland.de&noUDP&sock=slot1_3_16381_a573_315>
...
040 (61979.000.000) 2024-09-12 16:24:57 Finished transferring input files
...
001 (61979.000.000) 2024-09-12 16:24:58 Job executing on host: <134.96.59.17:9618?addrs=134.96.59.17-9618&alias=vidar.hpc.uni-saarland.de&noUDP&sock=startd_16259_e66d>
	SlotName: slot1_3@vidar.hpc.uni-saarland.de
	AvailableGPUs = { GPUs_GPU_5bfc7b93,GPUs_GPU_8d4b7ff8 }
	CondorScratchDir = "/raid/condor/lib/condor/execute/dir_2342744"
	Cpus = 4
	Disk = 14312
	GPUs = 2
	GPUs_GPU_5bfc7b93 = [ ECCEnabled = true; Id = "GPU-5bfc7b93"; DevicePciBusId = "0000:BD:00.0"; DeviceName = "NVIDIA A100-SXM4-40GB"; DriverVersion = 12.2; DeviceUuid = "5bfc7b93-fea8-9c79-4741-2d177f8825a2"; GlobalMemoryMb = 40339; MaxSupportedVersion = 12020; Capability = 8.0 ]
	GPUs_GPU_8d4b7ff8 = [ ECCEnabled = true; Id = "GPU-8d4b7ff8"; DevicePciBusId = "0000:B7:00.0"; DeviceName = "NVIDIA A100-SXM4-40GB"; DriverVersion = 12.2; DeviceUuid = "8d4b7ff8-03fa-0962-fb00-0565b2366204"; GlobalMemoryMb = 40339; MaxSupportedVersion = 12020; Capability = 8.0 ]
	Memory = 32768
...
040 (61979.000.000) 2024-09-12 16:25:00 Started transferring output files
...
040 (61979.000.000) 2024-09-12 16:25:00 Finished transferring output files
...
005 (61979.000.000) 2024-09-12 16:25:00 Job terminated.
	(1) Normal termination (return value 0)
		Usr 0 00:00:00, Sys 0 00:00:00  -  Run Remote Usage
		Usr 0 00:00:00, Sys 0 00:00:00  -  Run Local Usage
		Usr 0 00:00:00, Sys 0 00:00:00  -  Total Remote Usage
		Usr 0 00:00:00, Sys 0 00:00:00  -  Total Local Usage
	1083  -  Run Bytes Sent By Job
	1266  -  Run Bytes Received By Job
	1083  -  Total Bytes Sent By Job
	1266  -  Total Bytes Received By Job
	Partitionable Resources :    Usage  Request Allocated Assigned
	   Cpus                 :     0.02        1         4 
	   Disk (KB)            :    22           2     14312 
	   Gpus (Average)       :                 2         2 "GPU-5bfc7b93,GPU-8d4b7ff8"
	   Memory (MB)          :             32768     32768 
	   TimeExecute (s)      :     2                       
	   TimeSlotBusy (s)     :     3                       

	Job terminated of its own accord at 2024-09-12T14:25:00Z with exit-code 0.
...
000 (61981.000.000) 2024-09-12 16:38:57 Job submitted from host: <134.96.227.100:9618?addrs=134.96.227.100-9618&alias=conduit.hpc.uni-saarland.de&noUDP&sock=schedd_470837_9912>
...
040 (61981.000.000) 2024-09-12 16:39:01 Started transferring input files
	Transferring to host: <134.96.59.23:9618?addrs=134.96.59.23-9618&alias=urd.hpc.uni-saarland.de&noUDP&sock=slot1_2_31536_b6fb_57>
...
040 (61981.000.000) 2024-09-12 16:39:01 Finished transferring input files
...
001 (61981.000.000) 2024-09-12 16:39:03 Job executing on host: <134.96.59.23:9618?addrs=134.96.59.23-9618&alias=urd.hpc.uni-saarland.de&noUDP&sock=startd_31217_d80d>
	SlotName: slot1_2@urd.hpc.uni-saarland.de
	AvailableGPUs = { GPUs_GPU_797ba567,GPUs_GPU_9cc5dcf0 }
	CondorScratchDir = "/raid/condor/lib/condor/execute/dir_2842567"
	Cpus = 1
	Disk = 3881
	GPUs = 2
	GPUs_GPU_797ba567 = [ ECCEnabled = true; Id = "GPU-797ba567"; DevicePciBusId = "0000:B7:00.0"; DeviceName = "NVIDIA A100-SXM4-40GB"; DriverVersion = 12.4; DeviceUuid = "797ba567-c2bc-9e67-f3ca-e44df345633c"; GlobalMemoryMb = 40326; MaxSupportedVersion = 12040; Capability = 8.0 ]
	GPUs_GPU_9cc5dcf0 = [ ECCEnabled = true; Id = "GPU-9cc5dcf0"; DevicePciBusId = "0000:47:00.0"; DeviceName = "NVIDIA A100-SXM4-40GB"; DriverVersion = 12.4; DeviceUuid = "9cc5dcf0-ae79-201f-4be7-2ed8b0cbfdc3"; GlobalMemoryMb = 40326; MaxSupportedVersion = 12040; Capability = 8.0 ]
	Memory = 32768
...
040 (61981.000.000) 2024-09-12 16:39:05 Started transferring output files
...
040 (61981.000.000) 2024-09-12 16:39:05 Finished transferring output files
...
005 (61981.000.000) 2024-09-12 16:39:05 Job terminated.
	(1) Normal termination (return value 0)
		Usr 0 00:00:00, Sys 0 00:00:00  -  Run Remote Usage
		Usr 0 00:00:00, Sys 0 00:00:00  -  Run Local Usage
		Usr 0 00:00:00, Sys 0 00:00:00  -  Total Remote Usage
		Usr 0 00:00:00, Sys 0 00:00:00  -  Total Local Usage
	1083  -  Run Bytes Sent By Job
	1266  -  Run Bytes Received By Job
	1083  -  Total Bytes Sent By Job
	1266  -  Total Bytes Received By Job
	Partitionable Resources :    Usage  Request Allocated Assigned
	   Cpus                 :        0        1         1 
	   Disk (KB)            :       22        2      3881 
	   Gpus (Average)       :                 2         2 "GPU-797ba567,GPU-9cc5dcf0"
	   Memory (MB)          :             32768     32768 
	   TimeExecute (s)      :        3                    
	   TimeSlotBusy (s)     :        4                    

	Job terminated of its own accord at 2024-09-12T14:39:05Z with exit-code 0.
...
000 (61982.000.000) 2024-09-12 16:45:37 Job submitted from host: <134.96.227.100:9618?addrs=134.96.227.100-9618&alias=conduit.hpc.uni-saarland.de&noUDP&sock=schedd_470837_9912>
...
040 (61982.000.000) 2024-09-12 16:45:38 Started transferring input files
	Transferring to host: <134.96.59.23:9618?addrs=134.96.59.23-9618&alias=urd.hpc.uni-saarland.de&noUDP&sock=slot1_2_31536_b6fb_58>
...
040 (61982.000.000) 2024-09-12 16:45:38 Finished transferring input files
...
001 (61982.000.000) 2024-09-12 16:45:39 Job executing on host: <134.96.59.23:9618?addrs=134.96.59.23-9618&alias=urd.hpc.uni-saarland.de&noUDP&sock=startd_31217_d80d>
	SlotName: slot1_2@urd.hpc.uni-saarland.de
	AvailableGPUs = { GPUs_GPU_797ba567,GPUs_GPU_9cc5dcf0 }
	CondorScratchDir = "/raid/condor/lib/condor/execute/dir_2850409"
	Cpus = 1
	Disk = 3881
	GPUs = 2
	GPUs_GPU_797ba567 = [ ECCEnabled = true; Id = "GPU-797ba567"; DevicePciBusId = "0000:B7:00.0"; DeviceName = "NVIDIA A100-SXM4-40GB"; DriverVersion = 12.4; DeviceUuid = "797ba567-c2bc-9e67-f3ca-e44df345633c"; GlobalMemoryMb = 40326; MaxSupportedVersion = 12040; Capability = 8.0 ]
	GPUs_GPU_9cc5dcf0 = [ ECCEnabled = true; Id = "GPU-9cc5dcf0"; DevicePciBusId = "0000:47:00.0"; DeviceName = "NVIDIA A100-SXM4-40GB"; DriverVersion = 12.4; DeviceUuid = "9cc5dcf0-ae79-201f-4be7-2ed8b0cbfdc3"; GlobalMemoryMb = 40326; MaxSupportedVersion = 12040; Capability = 8.0 ]
	Memory = 32768
...
040 (61982.000.000) 2024-09-12 16:45:40 Started transferring output files
...
040 (61982.000.000) 2024-09-12 16:45:41 Finished transferring output files
...
005 (61982.000.000) 2024-09-12 16:45:41 Job terminated.
	(1) Normal termination (return value 0)
		Usr 0 00:00:00, Sys 0 00:00:00  -  Run Remote Usage
		Usr 0 00:00:00, Sys 0 00:00:00  -  Run Local Usage
		Usr 0 00:00:00, Sys 0 00:00:00  -  Total Remote Usage
		Usr 0 00:00:00, Sys 0 00:00:00  -  Total Local Usage
	1083  -  Run Bytes Sent By Job
	1266  -  Run Bytes Received By Job
	1083  -  Total Bytes Sent By Job
	1266  -  Total Bytes Received By Job
	Partitionable Resources :    Usage  Request Allocated Assigned
	   Cpus                 :     0.02        1         1 
	   Disk (KB)            :    22           2      3881 
	   Gpus (Average)       :                 2         2 "GPU-797ba567,GPU-9cc5dcf0"
	   Memory (MB)          :             32768     32768 
	   TimeExecute (s)      :     1                       
	   TimeSlotBusy (s)     :     3                       

	Job terminated of its own accord at 2024-09-12T14:45:40Z with exit-code 0.
...
000 (61984.000.000) 2024-09-12 16:52:15 Job submitted from host: <134.96.227.100:9618?addrs=134.96.227.100-9618&alias=conduit.hpc.uni-saarland.de&noUDP&sock=schedd_470837_9912>
...
040 (61984.000.000) 2024-09-12 16:52:15 Started transferring input files
	Transferring to host: <134.96.59.23:9618?addrs=134.96.59.23-9618&alias=urd.hpc.uni-saarland.de&noUDP&sock=slot1_2_31536_b6fb_59>
...
040 (61984.000.000) 2024-09-12 16:52:15 Finished transferring input files
...
001 (61984.000.000) 2024-09-12 16:52:16 Job executing on host: <134.96.59.23:9618?addrs=134.96.59.23-9618&alias=urd.hpc.uni-saarland.de&noUDP&sock=startd_31217_d80d>
	SlotName: slot1_2@urd.hpc.uni-saarland.de
	AvailableGPUs = { GPUs_GPU_797ba567,GPUs_GPU_9cc5dcf0 }
	CondorScratchDir = "/raid/condor/lib/condor/execute/dir_2858474"
	Cpus = 1
	Disk = 3881
	GPUs = 2
	GPUs_GPU_797ba567 = [ ECCEnabled = true; Id = "GPU-797ba567"; DevicePciBusId = "0000:B7:00.0"; DeviceName = "NVIDIA A100-SXM4-40GB"; DriverVersion = 12.4; DeviceUuid = "797ba567-c2bc-9e67-f3ca-e44df345633c"; GlobalMemoryMb = 40326; MaxSupportedVersion = 12040; Capability = 8.0 ]
	GPUs_GPU_9cc5dcf0 = [ ECCEnabled = true; Id = "GPU-9cc5dcf0"; DevicePciBusId = "0000:47:00.0"; DeviceName = "NVIDIA A100-SXM4-40GB"; DriverVersion = 12.4; DeviceUuid = "9cc5dcf0-ae79-201f-4be7-2ed8b0cbfdc3"; GlobalMemoryMb = 40326; MaxSupportedVersion = 12040; Capability = 8.0 ]
	Memory = 32768
...
040 (61984.000.000) 2024-09-12 16:52:52 Started transferring output files
...
040 (61984.000.000) 2024-09-12 16:52:52 Finished transferring output files
...
005 (61984.000.000) 2024-09-12 16:52:52 Job terminated.
	(1) Normal termination (return value 1)
		Usr 0 00:00:00, Sys 0 00:00:00  -  Run Remote Usage
		Usr 0 00:00:00, Sys 0 00:00:00  -  Run Local Usage
		Usr 0 00:00:00, Sys 0 00:00:00  -  Total Remote Usage
		Usr 0 00:00:00, Sys 0 00:00:00  -  Total Local Usage
	5693  -  Run Bytes Sent By Job
	1279  -  Run Bytes Received By Job
	5693  -  Total Bytes Sent By Job
	1279  -  Total Bytes Received By Job
	Partitionable Resources :    Usage  Request Allocated Assigned
	   Cpus                 :        0        1         1 
	   Disk (KB)            :       26        2      3881 
	   Gpus (Average)       :                 2         2 "GPU-797ba567,GPU-9cc5dcf0"
	   Memory (MB)          :             32768     32768 
	   TimeExecute (s)      :       36                    
	   TimeSlotBusy (s)     :       37                    

	Job terminated of its own accord at 2024-09-12T14:52:52Z with exit-code 1.
...
000 (61985.000.000) 2024-09-12 16:58:54 Job submitted from host: <134.96.227.100:9618?addrs=134.96.227.100-9618&alias=conduit.hpc.uni-saarland.de&noUDP&sock=schedd_470837_9912>
...
040 (61985.000.000) 2024-09-12 16:58:54 Started transferring input files
	Transferring to host: <134.96.59.23:9618?addrs=134.96.59.23-9618&alias=urd.hpc.uni-saarland.de&noUDP&sock=slot1_2_31536_b6fb_60>
...
040 (61985.000.000) 2024-09-12 16:58:54 Finished transferring input files
...
001 (61985.000.000) 2024-09-12 16:58:55 Job executing on host: <134.96.59.23:9618?addrs=134.96.59.23-9618&alias=urd.hpc.uni-saarland.de&noUDP&sock=startd_31217_d80d>
	SlotName: slot1_2@urd.hpc.uni-saarland.de
	AvailableGPUs = { GPUs_GPU_797ba567,GPUs_GPU_9cc5dcf0 }
	CondorScratchDir = "/raid/condor/lib/condor/execute/dir_2866518"
	Cpus = 1
	Disk = 3881
	GPUs = 2
	GPUs_GPU_797ba567 = [ ECCEnabled = true; Id = "GPU-797ba567"; DevicePciBusId = "0000:B7:00.0"; DeviceName = "NVIDIA A100-SXM4-40GB"; DriverVersion = 12.4; DeviceUuid = "797ba567-c2bc-9e67-f3ca-e44df345633c"; GlobalMemoryMb = 40326; MaxSupportedVersion = 12040; Capability = 8.0 ]
	GPUs_GPU_9cc5dcf0 = [ ECCEnabled = true; Id = "GPU-9cc5dcf0"; DevicePciBusId = "0000:47:00.0"; DeviceName = "NVIDIA A100-SXM4-40GB"; DriverVersion = 12.4; DeviceUuid = "9cc5dcf0-ae79-201f-4be7-2ed8b0cbfdc3"; GlobalMemoryMb = 40326; MaxSupportedVersion = 12040; Capability = 8.0 ]
	Memory = 32768
...
040 (61985.000.000) 2024-09-12 16:59:03 Started transferring output files
...
040 (61985.000.000) 2024-09-12 16:59:03 Finished transferring output files
...
005 (61985.000.000) 2024-09-12 16:59:03 Job terminated.
	(1) Normal termination (return value 1)
		Usr 0 00:00:00, Sys 0 00:00:00  -  Run Remote Usage
		Usr 0 00:00:00, Sys 0 00:00:00  -  Run Local Usage
		Usr 0 00:00:00, Sys 0 00:00:00  -  Total Remote Usage
		Usr 0 00:00:00, Sys 0 00:00:00  -  Total Local Usage
	5712  -  Run Bytes Sent By Job
	1279  -  Run Bytes Received By Job
	5712  -  Total Bytes Sent By Job
	1279  -  Total Bytes Received By Job
	Partitionable Resources :    Usage  Request Allocated Assigned
	   Cpus                 :        0        1         1 
	   Disk (KB)            :       26        2      3881 
	   Gpus (Average)       :                 2         2 "GPU-797ba567,GPU-9cc5dcf0"
	   Memory (MB)          :             32768     32768 
	   TimeExecute (s)      :        8                    
	   TimeSlotBusy (s)     :        9                    

	Job terminated of its own accord at 2024-09-12T14:59:03Z with exit-code 1.
...
000 (61986.000.000) 2024-09-12 17:04:20 Job submitted from host: <134.96.227.100:9618?addrs=134.96.227.100-9618&alias=conduit.hpc.uni-saarland.de&noUDP&sock=schedd_470837_9912>
...
040 (61986.000.000) 2024-09-12 17:04:20 Started transferring input files
	Transferring to host: <134.96.59.23:9618?addrs=134.96.59.23-9618&alias=urd.hpc.uni-saarland.de&noUDP&sock=slot1_2_31536_b6fb_61>
...
040 (61986.000.000) 2024-09-12 17:04:20 Finished transferring input files
...
001 (61986.000.000) 2024-09-12 17:04:21 Job executing on host: <134.96.59.23:9618?addrs=134.96.59.23-9618&alias=urd.hpc.uni-saarland.de&noUDP&sock=startd_31217_d80d>
	SlotName: slot1_2@urd.hpc.uni-saarland.de
	AvailableGPUs = { GPUs_GPU_797ba567,GPUs_GPU_9cc5dcf0 }
	CondorScratchDir = "/raid/condor/lib/condor/execute/dir_2873029"
	Cpus = 1
	Disk = 3881
	GPUs = 2
	GPUs_GPU_797ba567 = [ ECCEnabled = true; Id = "GPU-797ba567"; DevicePciBusId = "0000:B7:00.0"; DeviceName = "NVIDIA A100-SXM4-40GB"; DriverVersion = 12.4; DeviceUuid = "797ba567-c2bc-9e67-f3ca-e44df345633c"; GlobalMemoryMb = 40326; MaxSupportedVersion = 12040; Capability = 8.0 ]
	GPUs_GPU_9cc5dcf0 = [ ECCEnabled = true; Id = "GPU-9cc5dcf0"; DevicePciBusId = "0000:47:00.0"; DeviceName = "NVIDIA A100-SXM4-40GB"; DriverVersion = 12.4; DeviceUuid = "9cc5dcf0-ae79-201f-4be7-2ed8b0cbfdc3"; GlobalMemoryMb = 40326; MaxSupportedVersion = 12040; Capability = 8.0 ]
	Memory = 32768
...
040 (61986.000.000) 2024-09-12 17:04:29 Started transferring output files
...
040 (61986.000.000) 2024-09-12 17:04:29 Finished transferring output files
...
005 (61986.000.000) 2024-09-12 17:04:29 Job terminated.
	(1) Normal termination (return value 1)
		Usr 0 00:00:00, Sys 0 00:00:00  -  Run Remote Usage
		Usr 0 00:00:00, Sys 0 00:00:00  -  Run Local Usage
		Usr 0 00:00:00, Sys 0 00:00:00  -  Total Remote Usage
		Usr 0 00:00:00, Sys 0 00:00:00  -  Total Local Usage
	5768  -  Run Bytes Sent By Job
	1269  -  Run Bytes Received By Job
	5768  -  Total Bytes Sent By Job
	1269  -  Total Bytes Received By Job
	Partitionable Resources :    Usage  Request Allocated Assigned
	   Cpus                 :        0        1         1 
	   Disk (KB)            :       26        2      3881 
	   Gpus (Average)       :                 2         2 "GPU-797ba567,GPU-9cc5dcf0"
	   Memory (MB)          :             32768     32768 
	   TimeExecute (s)      :        8                    
	   TimeSlotBusy (s)     :        9                    

	Job terminated of its own accord at 2024-09-12T15:04:29Z with exit-code 1.
...
000 (61987.000.000) 2024-09-12 17:08:54 Job submitted from host: <134.96.227.100:9618?addrs=134.96.227.100-9618&alias=conduit.hpc.uni-saarland.de&noUDP&sock=schedd_470837_9912>
...
040 (61987.000.000) 2024-09-12 17:08:55 Started transferring input files
	Transferring to host: <134.96.59.23:9618?addrs=134.96.59.23-9618&alias=urd.hpc.uni-saarland.de&noUDP&sock=slot1_2_31536_b6fb_62>
...
040 (61987.000.000) 2024-09-12 17:08:55 Finished transferring input files
...
001 (61987.000.000) 2024-09-12 17:08:56 Job executing on host: <134.96.59.23:9618?addrs=134.96.59.23-9618&alias=urd.hpc.uni-saarland.de&noUDP&sock=startd_31217_d80d>
	SlotName: slot1_2@urd.hpc.uni-saarland.de
	AvailableGPUs = { GPUs_GPU_797ba567,GPUs_GPU_9cc5dcf0 }
	CondorScratchDir = "/raid/condor/lib/condor/execute/dir_2878842"
	Cpus = 1
	Disk = 3881
	GPUs = 2
	GPUs_GPU_797ba567 = [ ECCEnabled = true; Id = "GPU-797ba567"; DevicePciBusId = "0000:B7:00.0"; DeviceName = "NVIDIA A100-SXM4-40GB"; DriverVersion = 12.4; DeviceUuid = "797ba567-c2bc-9e67-f3ca-e44df345633c"; GlobalMemoryMb = 40326; MaxSupportedVersion = 12040; Capability = 8.0 ]
	GPUs_GPU_9cc5dcf0 = [ ECCEnabled = true; Id = "GPU-9cc5dcf0"; DevicePciBusId = "0000:47:00.0"; DeviceName = "NVIDIA A100-SXM4-40GB"; DriverVersion = 12.4; DeviceUuid = "9cc5dcf0-ae79-201f-4be7-2ed8b0cbfdc3"; GlobalMemoryMb = 40326; MaxSupportedVersion = 12040; Capability = 8.0 ]
	Memory = 32768
...
040 (61987.000.000) 2024-09-12 17:09:04 Started transferring output files
...
040 (61987.000.000) 2024-09-12 17:09:04 Finished transferring output files
...
005 (61987.000.000) 2024-09-12 17:09:04 Job terminated.
	(1) Normal termination (return value 1)
		Usr 0 00:00:00, Sys 0 00:00:00  -  Run Remote Usage
		Usr 0 00:00:00, Sys 0 00:00:00  -  Run Local Usage
		Usr 0 00:00:00, Sys 0 00:00:00  -  Total Remote Usage
		Usr 0 00:00:00, Sys 0 00:00:00  -  Total Local Usage
	8688  -  Run Bytes Sent By Job
	1313  -  Run Bytes Received By Job
	8688  -  Total Bytes Sent By Job
	1313  -  Total Bytes Received By Job
	Partitionable Resources :    Usage  Request Allocated Assigned
	   Cpus                 :        0        1         1 
	   Disk (KB)            :       29        2      3881 
	   Gpus (Average)       :                 2         2 "GPU-797ba567,GPU-9cc5dcf0"
	   Memory (MB)          :             32768     32768 
	   TimeExecute (s)      :        8                    
	   TimeSlotBusy (s)     :       10                    

	Job terminated of its own accord at 2024-09-12T15:09:04Z with exit-code 1.
...
000 (62036.000.000) 2024-09-13 13:56:51 Job submitted from host: <134.96.227.100:9618?addrs=134.96.227.100-9618&alias=conduit.hpc.uni-saarland.de&noUDP&sock=schedd_470837_9912>
...
040 (62036.000.000) 2024-09-13 13:57:05 Started transferring input files
	Transferring to host: <134.96.59.4:9618?addrs=134.96.59.4-9618&alias=bragi.hpc.uni-saarland.de&noUDP&sock=slot1_2_1530358_6751_631>
...
040 (62036.000.000) 2024-09-13 13:57:05 Finished transferring input files
...
001 (62036.000.000) 2024-09-13 13:57:06 Job executing on host: <134.96.59.4:9618?addrs=134.96.59.4-9618&alias=bragi.hpc.uni-saarland.de&noUDP&sock=startd_4738_73cf>
	SlotName: slot1_2@bragi.hpc.uni-saarland.de
	AvailableGPUs = { GPUs_GPU_4067cfad,GPUs_GPU_2be55562 }
	CondorScratchDir = "/raid/condor/lib/condor/execute/dir_1663075"
	Cpus = 4
	Disk = 5611537
	GPUs = 2
	GPUs_GPU_2be55562 = [ DeviceUuid = "2be55562-d687-97be-4f66-637cf2227928"; DevicePciBusId = "0000:8D:00.0"; Capability = 8.0; DeviceName = "NVIDIA A100-SXM4-80GB"; DriverVersion = 12.3; Id = "GPU-2be55562"; ECCEnabled = true; GlobalMemoryMb = 81050; MaxSupportedVersion = 12030 ]
	GPUs_GPU_4067cfad = [ DeviceUuid = "4067cfad-f6e3-8d18-b373-dbfb0a347e7b"; DevicePciBusId = "0000:87:00.0"; Capability = 8.0; DeviceName = "NVIDIA A100-SXM4-80GB"; DriverVersion = 12.3; Id = "GPU-4067cfad"; ECCEnabled = true; GlobalMemoryMb = 81050; MaxSupportedVersion = 12030 ]
	Memory = 32768
...
040 (62036.000.000) 2024-09-13 14:01:48 Started transferring output files
...
040 (62036.000.000) 2024-09-13 14:01:48 Finished transferring output files
...
005 (62036.000.000) 2024-09-13 14:01:48 Job terminated.
	(1) Normal termination (return value 1)
		Usr 0 00:00:00, Sys 0 00:00:00  -  Run Remote Usage
		Usr 0 00:00:00, Sys 0 00:00:00  -  Run Local Usage
		Usr 0 00:00:00, Sys 0 00:00:00  -  Total Remote Usage
		Usr 0 00:00:00, Sys 0 00:00:00  -  Total Local Usage
	8604  -  Run Bytes Sent By Job
	1313  -  Run Bytes Received By Job
	8604  -  Total Bytes Sent By Job
	1313  -  Total Bytes Received By Job
	Partitionable Resources :    Usage  Request Allocated Assigned
	   Cpus                 :     0.04        1         4 
	   Disk (KB)            :    29           2   5611537 
	   Gpus (Average)       :     0           2         2 "GPU-4067cfad,GPU-2be55562"
	   GpusMemory (MB)      :   879                       
	   Memory (MB)          :             32768     32768 
	   TimeExecute (s)      :   282                       
	   TimeSlotBusy (s)     :   283                       

	Job terminated of its own accord at 2024-09-13T12:01:48Z with exit-code 1.
...
000 (62037.000.000) 2024-09-13 14:13:55 Job submitted from host: <134.96.227.100:9618?addrs=134.96.227.100-9618&alias=conduit.hpc.uni-saarland.de&noUDP&sock=schedd_470837_9912>
...
040 (62037.000.000) 2024-09-13 14:13:56 Started transferring input files
	Transferring to host: <134.96.59.4:9618?addrs=134.96.59.4-9618&alias=bragi.hpc.uni-saarland.de&noUDP&sock=slot1_2_1530358_6751_632>
...
040 (62037.000.000) 2024-09-13 14:13:56 Finished transferring input files
...
001 (62037.000.000) 2024-09-13 14:13:57 Job executing on host: <134.96.59.4:9618?addrs=134.96.59.4-9618&alias=bragi.hpc.uni-saarland.de&noUDP&sock=startd_4738_73cf>
	SlotName: slot1_2@bragi.hpc.uni-saarland.de
	AvailableGPUs = { GPUs_GPU_4067cfad,GPUs_GPU_2be55562 }
	CondorScratchDir = "/raid/condor/lib/condor/execute/dir_1672088"
	Cpus = 4
	Disk = 5611537
	GPUs = 2
	GPUs_GPU_2be55562 = [ DeviceUuid = "2be55562-d687-97be-4f66-637cf2227928"; DevicePciBusId = "0000:8D:00.0"; Capability = 8.0; DeviceName = "NVIDIA A100-SXM4-80GB"; DriverVersion = 12.3; Id = "GPU-2be55562"; ECCEnabled = true; GlobalMemoryMb = 81050; MaxSupportedVersion = 12030 ]
	GPUs_GPU_4067cfad = [ DeviceUuid = "4067cfad-f6e3-8d18-b373-dbfb0a347e7b"; DevicePciBusId = "0000:87:00.0"; Capability = 8.0; DeviceName = "NVIDIA A100-SXM4-80GB"; DriverVersion = 12.3; Id = "GPU-4067cfad"; ECCEnabled = true; GlobalMemoryMb = 81050; MaxSupportedVersion = 12030 ]
	Memory = 32768
...
040 (62037.000.000) 2024-09-13 14:14:08 Started transferring output files
...
040 (62037.000.000) 2024-09-13 14:14:08 Finished transferring output files
...
005 (62037.000.000) 2024-09-13 14:14:08 Job terminated.
	(1) Normal termination (return value 1)
		Usr 0 00:00:00, Sys 0 00:00:00  -  Run Remote Usage
		Usr 0 00:00:00, Sys 0 00:00:00  -  Run Local Usage
		Usr 0 00:00:00, Sys 0 00:00:00  -  Total Remote Usage
		Usr 0 00:00:00, Sys 0 00:00:00  -  Total Local Usage
	6075  -  Run Bytes Sent By Job
	1313  -  Run Bytes Received By Job
	6075  -  Total Bytes Sent By Job
	1313  -  Total Bytes Received By Job
	Partitionable Resources :    Usage  Request Allocated Assigned
	   Cpus                 :        0        1         4 
	   Disk (KB)            :       27        2   5611537 
	   Gpus (Average)       :        0        2         2 "GPU-4067cfad,GPU-2be55562"
	   GpusMemory (MB)      :      879                    
	   Memory (MB)          :             32768     32768 
	   TimeExecute (s)      :       10                    
	   TimeSlotBusy (s)     :       13                    

	Job terminated of its own accord at 2024-09-13T12:14:07Z with exit-code 1.
...
000 (62038.000.000) 2024-09-13 14:17:09 Job submitted from host: <134.96.227.100:9618?addrs=134.96.227.100-9618&alias=conduit.hpc.uni-saarland.de&noUDP&sock=schedd_470837_9912>
...
040 (62038.000.000) 2024-09-13 14:17:16 Started transferring input files
	Transferring to host: <134.96.59.4:9618?addrs=134.96.59.4-9618&alias=bragi.hpc.uni-saarland.de&noUDP&sock=slot1_2_1530358_6751_633>
...
040 (62038.000.000) 2024-09-13 14:17:16 Finished transferring input files
...
001 (62038.000.000) 2024-09-13 14:17:17 Job executing on host: <134.96.59.4:9618?addrs=134.96.59.4-9618&alias=bragi.hpc.uni-saarland.de&noUDP&sock=startd_4738_73cf>
	SlotName: slot1_2@bragi.hpc.uni-saarland.de
	AvailableGPUs = { GPUs_GPU_4067cfad,GPUs_GPU_2be55562 }
	CondorScratchDir = "/raid/condor/lib/condor/execute/dir_1674361"
	Cpus = 4
	Disk = 5611537
	GPUs = 2
	GPUs_GPU_2be55562 = [ DeviceUuid = "2be55562-d687-97be-4f66-637cf2227928"; DevicePciBusId = "0000:8D:00.0"; Capability = 8.0; DeviceName = "NVIDIA A100-SXM4-80GB"; DriverVersion = 12.3; Id = "GPU-2be55562"; ECCEnabled = true; GlobalMemoryMb = 81050; MaxSupportedVersion = 12030 ]
	GPUs_GPU_4067cfad = [ DeviceUuid = "4067cfad-f6e3-8d18-b373-dbfb0a347e7b"; DevicePciBusId = "0000:87:00.0"; Capability = 8.0; DeviceName = "NVIDIA A100-SXM4-80GB"; DriverVersion = 12.3; Id = "GPU-4067cfad"; ECCEnabled = true; GlobalMemoryMb = 81050; MaxSupportedVersion = 12030 ]
	Memory = 32768
...
040 (62038.000.000) 2024-09-13 14:17:27 Started transferring output files
...
040 (62038.000.000) 2024-09-13 14:17:27 Finished transferring output files
...
005 (62038.000.000) 2024-09-13 14:17:27 Job terminated.
	(1) Normal termination (return value 1)
		Usr 0 00:00:00, Sys 0 00:00:00  -  Run Remote Usage
		Usr 0 00:00:00, Sys 0 00:00:00  -  Run Local Usage
		Usr 0 00:00:00, Sys 0 00:00:00  -  Total Remote Usage
		Usr 0 00:00:00, Sys 0 00:00:00  -  Total Local Usage
	6107  -  Run Bytes Sent By Job
	1313  -  Run Bytes Received By Job
	6107  -  Total Bytes Sent By Job
	1313  -  Total Bytes Received By Job
	Partitionable Resources :    Usage  Request Allocated Assigned
	   Cpus                 :        0        1         4 
	   Disk (KB)            :       27        2   5611537 
	   Gpus (Average)       :                 2         2 "GPU-4067cfad,GPU-2be55562"
	   Memory (MB)          :             32768     32768 
	   TimeExecute (s)      :       10                    
	   TimeSlotBusy (s)     :       12                    

	Job terminated of its own accord at 2024-09-13T12:17:27Z with exit-code 1.
...
000 (62039.000.000) 2024-09-13 14:20:01 Job submitted from host: <134.96.227.100:9618?addrs=134.96.227.100-9618&alias=conduit.hpc.uni-saarland.de&noUDP&sock=schedd_470837_9912>
...
040 (62039.000.000) 2024-09-13 14:20:01 Started transferring input files
	Transferring to host: <134.96.59.4:9618?addrs=134.96.59.4-9618&alias=bragi.hpc.uni-saarland.de&noUDP&sock=slot1_2_1530358_6751_634>
...
040 (62039.000.000) 2024-09-13 14:20:01 Finished transferring input files
...
001 (62039.000.000) 2024-09-13 14:20:02 Job executing on host: <134.96.59.4:9618?addrs=134.96.59.4-9618&alias=bragi.hpc.uni-saarland.de&noUDP&sock=startd_4738_73cf>
	SlotName: slot1_2@bragi.hpc.uni-saarland.de
	AvailableGPUs = { GPUs_GPU_4067cfad,GPUs_GPU_2be55562 }
	CondorScratchDir = "/raid/condor/lib/condor/execute/dir_1676493"
	Cpus = 4
	Disk = 5611537
	GPUs = 2
	GPUs_GPU_2be55562 = [ DeviceUuid = "2be55562-d687-97be-4f66-637cf2227928"; DevicePciBusId = "0000:8D:00.0"; Capability = 8.0; DeviceName = "NVIDIA A100-SXM4-80GB"; DriverVersion = 12.3; Id = "GPU-2be55562"; ECCEnabled = true; GlobalMemoryMb = 81050; MaxSupportedVersion = 12030 ]
	GPUs_GPU_4067cfad = [ DeviceUuid = "4067cfad-f6e3-8d18-b373-dbfb0a347e7b"; DevicePciBusId = "0000:87:00.0"; Capability = 8.0; DeviceName = "NVIDIA A100-SXM4-80GB"; DriverVersion = 12.3; Id = "GPU-4067cfad"; ECCEnabled = true; GlobalMemoryMb = 81050; MaxSupportedVersion = 12030 ]
	Memory = 32768
...
040 (62039.000.000) 2024-09-13 14:20:14 Started transferring output files
...
040 (62039.000.000) 2024-09-13 14:20:14 Finished transferring output files
...
005 (62039.000.000) 2024-09-13 14:20:14 Job terminated.
	(1) Normal termination (return value 1)
		Usr 0 00:00:00, Sys 0 00:00:00  -  Run Remote Usage
		Usr 0 00:00:00, Sys 0 00:00:00  -  Run Local Usage
		Usr 0 00:00:00, Sys 0 00:00:00  -  Total Remote Usage
		Usr 0 00:00:00, Sys 0 00:00:00  -  Total Local Usage
	6111  -  Run Bytes Sent By Job
	1313  -  Run Bytes Received By Job
	6111  -  Total Bytes Sent By Job
	1313  -  Total Bytes Received By Job
	Partitionable Resources :    Usage  Request Allocated Assigned
	   Cpus                 :        0        1         4 
	   Disk (KB)            :       27        2   5611537 
	   Gpus (Average)       :                 2         2 "GPU-4067cfad,GPU-2be55562"
	   Memory (MB)          :             32768     32768 
	   TimeExecute (s)      :       11                    
	   TimeSlotBusy (s)     :       13                    

	Job terminated of its own accord at 2024-09-13T12:20:13Z with exit-code 1.
...
000 (62040.000.000) 2024-09-13 14:31:38 Job submitted from host: <134.96.227.100:9618?addrs=134.96.227.100-9618&alias=conduit.hpc.uni-saarland.de&noUDP&sock=schedd_470837_9912>
...
040 (62040.000.000) 2024-09-13 14:31:39 Started transferring input files
	Transferring to host: <134.96.59.4:9618?addrs=134.96.59.4-9618&alias=bragi.hpc.uni-saarland.de&noUDP&sock=slot1_2_1530358_6751_635>
...
040 (62040.000.000) 2024-09-13 14:31:39 Finished transferring input files
...
001 (62040.000.000) 2024-09-13 14:31:40 Job executing on host: <134.96.59.4:9618?addrs=134.96.59.4-9618&alias=bragi.hpc.uni-saarland.de&noUDP&sock=startd_4738_73cf>
	SlotName: slot1_2@bragi.hpc.uni-saarland.de
	AvailableGPUs = { GPUs_GPU_4067cfad,GPUs_GPU_2be55562 }
	CondorScratchDir = "/raid/condor/lib/condor/execute/dir_1682410"
	Cpus = 4
	Disk = 5611537
	GPUs = 2
	GPUs_GPU_2be55562 = [ DeviceUuid = "2be55562-d687-97be-4f66-637cf2227928"; DevicePciBusId = "0000:8D:00.0"; Capability = 8.0; DeviceName = "NVIDIA A100-SXM4-80GB"; DriverVersion = 12.3; Id = "GPU-2be55562"; ECCEnabled = true; GlobalMemoryMb = 81050; MaxSupportedVersion = 12030 ]
	GPUs_GPU_4067cfad = [ DeviceUuid = "4067cfad-f6e3-8d18-b373-dbfb0a347e7b"; DevicePciBusId = "0000:87:00.0"; Capability = 8.0; DeviceName = "NVIDIA A100-SXM4-80GB"; DriverVersion = 12.3; Id = "GPU-4067cfad"; ECCEnabled = true; GlobalMemoryMb = 81050; MaxSupportedVersion = 12030 ]
	Memory = 32768
...
040 (62040.000.000) 2024-09-13 14:31:50 Started transferring output files
...
040 (62040.000.000) 2024-09-13 14:31:51 Finished transferring output files
...
005 (62040.000.000) 2024-09-13 14:31:51 Job terminated.
	(1) Normal termination (return value 1)
		Usr 0 00:00:00, Sys 0 00:00:00  -  Run Remote Usage
		Usr 0 00:00:00, Sys 0 00:00:00  -  Run Local Usage
		Usr 0 00:00:00, Sys 0 00:00:00  -  Total Remote Usage
		Usr 0 00:00:00, Sys 0 00:00:00  -  Total Local Usage
	6163  -  Run Bytes Sent By Job
	1313  -  Run Bytes Received By Job
	6163  -  Total Bytes Sent By Job
	1313  -  Total Bytes Received By Job
	Partitionable Resources :    Usage  Request Allocated Assigned
	   Cpus                 :        0        1         4 
	   Disk (KB)            :       27        2   5611537 
	   Gpus (Average)       :                 2         2 "GPU-4067cfad,GPU-2be55562"
	   Memory (MB)          :             32768     32768 
	   TimeExecute (s)      :       10                    
	   TimeSlotBusy (s)     :       13                    

	Job terminated of its own accord at 2024-09-13T12:31:50Z with exit-code 1.
...
000 (62042.000.000) 2024-09-13 15:12:27 Job submitted from host: <134.96.227.100:9618?addrs=134.96.227.100-9618&alias=conduit.hpc.uni-saarland.de&noUDP&sock=schedd_470837_9912>
...
040 (62042.000.000) 2024-09-13 15:12:27 Started transferring input files
	Transferring to host: <134.96.59.4:9618?addrs=134.96.59.4-9618&alias=bragi.hpc.uni-saarland.de&noUDP&sock=slot1_2_1530358_6751_636>
...
040 (62042.000.000) 2024-09-13 15:12:27 Finished transferring input files
...
001 (62042.000.000) 2024-09-13 15:12:28 Job executing on host: <134.96.59.4:9618?addrs=134.96.59.4-9618&alias=bragi.hpc.uni-saarland.de&noUDP&sock=startd_4738_73cf>
	SlotName: slot1_2@bragi.hpc.uni-saarland.de
	AvailableGPUs = { GPUs_GPU_4067cfad,GPUs_GPU_2be55562 }
	CondorScratchDir = "/raid/condor/lib/condor/execute/dir_1702888"
	Cpus = 4
	Disk = 5611537
	GPUs = 2
	GPUs_GPU_2be55562 = [ DeviceUuid = "2be55562-d687-97be-4f66-637cf2227928"; DevicePciBusId = "0000:8D:00.0"; Capability = 8.0; DeviceName = "NVIDIA A100-SXM4-80GB"; DriverVersion = 12.3; Id = "GPU-2be55562"; ECCEnabled = true; GlobalMemoryMb = 81050; MaxSupportedVersion = 12030 ]
	GPUs_GPU_4067cfad = [ DeviceUuid = "4067cfad-f6e3-8d18-b373-dbfb0a347e7b"; DevicePciBusId = "0000:87:00.0"; Capability = 8.0; DeviceName = "NVIDIA A100-SXM4-80GB"; DriverVersion = 12.3; Id = "GPU-4067cfad"; ECCEnabled = true; GlobalMemoryMb = 81050; MaxSupportedVersion = 12030 ]
	Memory = 32768
...
040 (62042.000.000) 2024-09-13 15:12:39 Started transferring output files
...
040 (62042.000.000) 2024-09-13 15:12:40 Finished transferring output files
...
005 (62042.000.000) 2024-09-13 15:12:40 Job terminated.
	(1) Normal termination (return value 1)
		Usr 0 00:00:00, Sys 0 00:00:00  -  Run Remote Usage
		Usr 0 00:00:00, Sys 0 00:00:00  -  Run Local Usage
		Usr 0 00:00:00, Sys 0 00:00:00  -  Total Remote Usage
		Usr 0 00:00:00, Sys 0 00:00:00  -  Total Local Usage
	8801  -  Run Bytes Sent By Job
	1313  -  Run Bytes Received By Job
	8801  -  Total Bytes Sent By Job
	1313  -  Total Bytes Received By Job
	Partitionable Resources :    Usage  Request Allocated Assigned
	   Cpus                 :        0        1         4 
	   Disk (KB)            :       29        2   5611537 
	   Gpus (Average)       :        0        2         2 "GPU-4067cfad,GPU-2be55562"
	   GpusMemory (MB)      :      879                    
	   Memory (MB)          :             32768     32768 
	   TimeExecute (s)      :       11                    
	   TimeSlotBusy (s)     :       13                    

	Job terminated of its own accord at 2024-09-13T13:12:39Z with exit-code 1.
...
000 (62043.000.000) 2024-09-13 15:18:51 Job submitted from host: <134.96.227.100:9618?addrs=134.96.227.100-9618&alias=conduit.hpc.uni-saarland.de&noUDP&sock=schedd_470837_9912>
...
040 (62043.000.000) 2024-09-13 15:18:52 Started transferring input files
	Transferring to host: <134.96.59.4:9618?addrs=134.96.59.4-9618&alias=bragi.hpc.uni-saarland.de&noUDP&sock=slot1_2_1530358_6751_637>
...
040 (62043.000.000) 2024-09-13 15:18:52 Finished transferring input files
...
001 (62043.000.000) 2024-09-13 15:18:53 Job executing on host: <134.96.59.4:9618?addrs=134.96.59.4-9618&alias=bragi.hpc.uni-saarland.de&noUDP&sock=startd_4738_73cf>
	SlotName: slot1_2@bragi.hpc.uni-saarland.de
	AvailableGPUs = { GPUs_GPU_4067cfad,GPUs_GPU_2be55562 }
	CondorScratchDir = "/raid/condor/lib/condor/execute/dir_1706607"
	Cpus = 4
	Disk = 5611537
	GPUs = 2
	GPUs_GPU_2be55562 = [ DeviceUuid = "2be55562-d687-97be-4f66-637cf2227928"; DevicePciBusId = "0000:8D:00.0"; Capability = 8.0; DeviceName = "NVIDIA A100-SXM4-80GB"; DriverVersion = 12.3; Id = "GPU-2be55562"; ECCEnabled = true; GlobalMemoryMb = 81050; MaxSupportedVersion = 12030 ]
	GPUs_GPU_4067cfad = [ DeviceUuid = "4067cfad-f6e3-8d18-b373-dbfb0a347e7b"; DevicePciBusId = "0000:87:00.0"; Capability = 8.0; DeviceName = "NVIDIA A100-SXM4-80GB"; DriverVersion = 12.3; Id = "GPU-4067cfad"; ECCEnabled = true; GlobalMemoryMb = 81050; MaxSupportedVersion = 12030 ]
	Memory = 32768
...
040 (62043.000.000) 2024-09-13 15:19:04 Started transferring output files
...
040 (62043.000.000) 2024-09-13 15:19:04 Finished transferring output files
...
005 (62043.000.000) 2024-09-13 15:19:04 Job terminated.
	(1) Normal termination (return value 1)
		Usr 0 00:00:00, Sys 0 00:00:00  -  Run Remote Usage
		Usr 0 00:00:00, Sys 0 00:00:00  -  Run Local Usage
		Usr 0 00:00:00, Sys 0 00:00:00  -  Total Remote Usage
		Usr 0 00:00:00, Sys 0 00:00:00  -  Total Local Usage
	8801  -  Run Bytes Sent By Job
	1313  -  Run Bytes Received By Job
	8801  -  Total Bytes Sent By Job
	1313  -  Total Bytes Received By Job
	Partitionable Resources :    Usage  Request Allocated Assigned
	   Cpus                 :        0        1         4 
	   Disk (KB)            :       29        2   5611537 
	   Gpus (Average)       :                 2         2 "GPU-4067cfad,GPU-2be55562"
	   Memory (MB)          :             32768     32768 
	   TimeExecute (s)      :       11                    
	   TimeSlotBusy (s)     :       13                    

	Job terminated of its own accord at 2024-09-13T13:19:04Z with exit-code 1.
...
000 (62044.000.000) 2024-09-13 15:27:30 Job submitted from host: <134.96.227.100:9618?addrs=134.96.227.100-9618&alias=conduit.hpc.uni-saarland.de&noUDP&sock=schedd_470837_9912>
...
040 (62044.000.000) 2024-09-13 15:27:31 Started transferring input files
	Transferring to host: <134.96.59.4:9618?addrs=134.96.59.4-9618&alias=bragi.hpc.uni-saarland.de&noUDP&sock=slot1_2_1530358_6751_638>
...
040 (62044.000.000) 2024-09-13 15:27:31 Finished transferring input files
...
001 (62044.000.000) 2024-09-13 15:27:32 Job executing on host: <134.96.59.4:9618?addrs=134.96.59.4-9618&alias=bragi.hpc.uni-saarland.de&noUDP&sock=startd_4738_73cf>
	SlotName: slot1_2@bragi.hpc.uni-saarland.de
	AvailableGPUs = { GPUs_GPU_4067cfad,GPUs_GPU_2be55562 }
	CondorScratchDir = "/raid/condor/lib/condor/execute/dir_1711748"
	Cpus = 4
	Disk = 5611537
	GPUs = 2
	GPUs_GPU_2be55562 = [ DeviceUuid = "2be55562-d687-97be-4f66-637cf2227928"; DevicePciBusId = "0000:8D:00.0"; Capability = 8.0; DeviceName = "NVIDIA A100-SXM4-80GB"; DriverVersion = 12.3; Id = "GPU-2be55562"; ECCEnabled = true; GlobalMemoryMb = 81050; MaxSupportedVersion = 12030 ]
	GPUs_GPU_4067cfad = [ DeviceUuid = "4067cfad-f6e3-8d18-b373-dbfb0a347e7b"; DevicePciBusId = "0000:87:00.0"; Capability = 8.0; DeviceName = "NVIDIA A100-SXM4-80GB"; DriverVersion = 12.3; Id = "GPU-4067cfad"; ECCEnabled = true; GlobalMemoryMb = 81050; MaxSupportedVersion = 12030 ]
	Memory = 32768
...
040 (62044.000.000) 2024-09-13 15:27:43 Started transferring output files
...
040 (62044.000.000) 2024-09-13 15:27:43 Finished transferring output files
...
005 (62044.000.000) 2024-09-13 15:27:43 Job terminated.
	(1) Normal termination (return value 1)
		Usr 0 00:00:00, Sys 0 00:00:00  -  Run Remote Usage
		Usr 0 00:00:00, Sys 0 00:00:00  -  Run Local Usage
		Usr 0 00:00:00, Sys 0 00:00:00  -  Total Remote Usage
		Usr 0 00:00:00, Sys 0 00:00:00  -  Total Local Usage
	6915  -  Run Bytes Sent By Job
	1313  -  Run Bytes Received By Job
	6915  -  Total Bytes Sent By Job
	1313  -  Total Bytes Received By Job
	Partitionable Resources :    Usage  Request Allocated Assigned
	   Cpus                 :     0.10        1         4 
	   Disk (KB)            :    27           2   5611537 
	   Gpus (Average)       :                 2         2 "GPU-4067cfad,GPU-2be55562"
	   Memory (MB)          :             32768     32768 
	   TimeExecute (s)      :    11                       
	   TimeSlotBusy (s)     :    13                       

	Job terminated of its own accord at 2024-09-13T13:27:43Z with exit-code 1.
...
000 (62045.000.000) 2024-09-13 15:31:25 Job submitted from host: <134.96.227.100:9618?addrs=134.96.227.100-9618&alias=conduit.hpc.uni-saarland.de&noUDP&sock=schedd_470837_9912>
...
040 (62045.000.000) 2024-09-13 15:31:26 Started transferring input files
	Transferring to host: <134.96.59.4:9618?addrs=134.96.59.4-9618&alias=bragi.hpc.uni-saarland.de&noUDP&sock=slot1_2_1530358_6751_639>
...
040 (62045.000.000) 2024-09-13 15:31:26 Finished transferring input files
...
001 (62045.000.000) 2024-09-13 15:31:27 Job executing on host: <134.96.59.4:9618?addrs=134.96.59.4-9618&alias=bragi.hpc.uni-saarland.de&noUDP&sock=startd_4738_73cf>
	SlotName: slot1_2@bragi.hpc.uni-saarland.de
	AvailableGPUs = { GPUs_GPU_4067cfad,GPUs_GPU_2be55562 }
	CondorScratchDir = "/raid/condor/lib/condor/execute/dir_1714285"
	Cpus = 4
	Disk = 5611537
	GPUs = 2
	GPUs_GPU_2be55562 = [ DeviceUuid = "2be55562-d687-97be-4f66-637cf2227928"; DevicePciBusId = "0000:8D:00.0"; Capability = 8.0; DeviceName = "NVIDIA A100-SXM4-80GB"; DriverVersion = 12.3; Id = "GPU-2be55562"; ECCEnabled = true; GlobalMemoryMb = 81050; MaxSupportedVersion = 12030 ]
	GPUs_GPU_4067cfad = [ DeviceUuid = "4067cfad-f6e3-8d18-b373-dbfb0a347e7b"; DevicePciBusId = "0000:87:00.0"; Capability = 8.0; DeviceName = "NVIDIA A100-SXM4-80GB"; DriverVersion = 12.3; Id = "GPU-4067cfad"; ECCEnabled = true; GlobalMemoryMb = 81050; MaxSupportedVersion = 12030 ]
	Memory = 32768
...
040 (62045.000.000) 2024-09-13 15:31:38 Started transferring output files
...
040 (62045.000.000) 2024-09-13 15:31:38 Finished transferring output files
...
005 (62045.000.000) 2024-09-13 15:31:38 Job terminated.
	(1) Normal termination (return value 1)
		Usr 0 00:00:00, Sys 0 00:00:00  -  Run Remote Usage
		Usr 0 00:00:00, Sys 0 00:00:00  -  Run Local Usage
		Usr 0 00:00:00, Sys 0 00:00:00  -  Total Remote Usage
		Usr 0 00:00:00, Sys 0 00:00:00  -  Total Local Usage
	8001  -  Run Bytes Sent By Job
	1313  -  Run Bytes Received By Job
	8001  -  Total Bytes Sent By Job
	1313  -  Total Bytes Received By Job
	Partitionable Resources :    Usage  Request Allocated Assigned
	   Cpus                 :     0.08        1         4 
	   Disk (KB)            :    28           2   5611537 
	   Gpus (Average)       :     0           2         2 "GPU-4067cfad,GPU-2be55562"
	   GpusMemory (MB)      :   879                       
	   Memory (MB)          :             32768     32768 
	   TimeExecute (s)      :    11                       
	   TimeSlotBusy (s)     :    13                       

	Job terminated of its own accord at 2024-09-13T13:31:38Z with exit-code 1.
...
000 (62046.000.000) 2024-09-13 15:40:34 Job submitted from host: <134.96.227.100:9618?addrs=134.96.227.100-9618&alias=conduit.hpc.uni-saarland.de&noUDP&sock=schedd_470837_9912>
...
040 (62046.000.000) 2024-09-13 15:40:46 Started transferring input files
	Transferring to host: <134.96.59.4:9618?addrs=134.96.59.4-9618&alias=bragi.hpc.uni-saarland.de&noUDP&sock=slot1_2_1530358_6751_640>
...
040 (62046.000.000) 2024-09-13 15:40:46 Finished transferring input files
...
001 (62046.000.000) 2024-09-13 15:40:47 Job executing on host: <134.96.59.4:9618?addrs=134.96.59.4-9618&alias=bragi.hpc.uni-saarland.de&noUDP&sock=startd_4738_73cf>
	SlotName: slot1_2@bragi.hpc.uni-saarland.de
	AvailableGPUs = { GPUs_GPU_4067cfad,GPUs_GPU_2be55562 }
	CondorScratchDir = "/raid/condor/lib/condor/execute/dir_1720026"
	Cpus = 4
	Disk = 5611537
	GPUs = 2
	GPUs_GPU_2be55562 = [ DeviceUuid = "2be55562-d687-97be-4f66-637cf2227928"; DevicePciBusId = "0000:8D:00.0"; Capability = 8.0; DeviceName = "NVIDIA A100-SXM4-80GB"; DriverVersion = 12.3; Id = "GPU-2be55562"; ECCEnabled = true; GlobalMemoryMb = 81050; MaxSupportedVersion = 12030 ]
	GPUs_GPU_4067cfad = [ DeviceUuid = "4067cfad-f6e3-8d18-b373-dbfb0a347e7b"; DevicePciBusId = "0000:87:00.0"; Capability = 8.0; DeviceName = "NVIDIA A100-SXM4-80GB"; DriverVersion = 12.3; Id = "GPU-4067cfad"; ECCEnabled = true; GlobalMemoryMb = 81050; MaxSupportedVersion = 12030 ]
	Memory = 32768
...
040 (62046.000.000) 2024-09-13 15:40:58 Started transferring output files
...
040 (62046.000.000) 2024-09-13 15:40:58 Finished transferring output files
...
005 (62046.000.000) 2024-09-13 15:40:58 Job terminated.
	(1) Normal termination (return value 1)
		Usr 0 00:00:00, Sys 0 00:00:00  -  Run Remote Usage
		Usr 0 00:00:00, Sys 0 00:00:00  -  Run Local Usage
		Usr 0 00:00:00, Sys 0 00:00:00  -  Total Remote Usage
		Usr 0 00:00:00, Sys 0 00:00:00  -  Total Local Usage
	6933  -  Run Bytes Sent By Job
	1313  -  Run Bytes Received By Job
	6933  -  Total Bytes Sent By Job
	1313  -  Total Bytes Received By Job
	Partitionable Resources :    Usage  Request Allocated Assigned
	   Cpus                 :        0        1         4 
	   Disk (KB)            :       27        2   5611537 
	   Gpus (Average)       :                 2         2 "GPU-4067cfad,GPU-2be55562"
	   Memory (MB)          :             32768     32768 
	   TimeExecute (s)      :       11                    
	   TimeSlotBusy (s)     :       13                    

	Job terminated of its own accord at 2024-09-13T13:40:58Z with exit-code 1.
...
000 (62047.000.000) 2024-09-13 15:56:31 Job submitted from host: <134.96.227.100:9618?addrs=134.96.227.100-9618&alias=conduit.hpc.uni-saarland.de&noUDP&sock=schedd_470837_9912>
...
040 (62047.000.000) 2024-09-13 15:56:32 Started transferring input files
	Transferring to host: <134.96.59.4:9618?addrs=134.96.59.4-9618&alias=bragi.hpc.uni-saarland.de&noUDP&sock=slot1_2_1530358_6751_641>
...
040 (62047.000.000) 2024-09-13 15:56:32 Finished transferring input files
...
001 (62047.000.000) 2024-09-13 15:56:33 Job executing on host: <134.96.59.4:9618?addrs=134.96.59.4-9618&alias=bragi.hpc.uni-saarland.de&noUDP&sock=startd_4738_73cf>
	SlotName: slot1_2@bragi.hpc.uni-saarland.de
	AvailableGPUs = { GPUs_GPU_4067cfad,GPUs_GPU_2be55562 }
	CondorScratchDir = "/raid/condor/lib/condor/execute/dir_1728605"
	Cpus = 4
	Disk = 5611537
	GPUs = 2
	GPUs_GPU_2be55562 = [ DeviceUuid = "2be55562-d687-97be-4f66-637cf2227928"; DevicePciBusId = "0000:8D:00.0"; Capability = 8.0; DeviceName = "NVIDIA A100-SXM4-80GB"; DriverVersion = 12.3; Id = "GPU-2be55562"; ECCEnabled = true; GlobalMemoryMb = 81050; MaxSupportedVersion = 12030 ]
	GPUs_GPU_4067cfad = [ DeviceUuid = "4067cfad-f6e3-8d18-b373-dbfb0a347e7b"; DevicePciBusId = "0000:87:00.0"; Capability = 8.0; DeviceName = "NVIDIA A100-SXM4-80GB"; DriverVersion = 12.3; Id = "GPU-4067cfad"; ECCEnabled = true; GlobalMemoryMb = 81050; MaxSupportedVersion = 12030 ]
	Memory = 32768
...
040 (62047.000.000) 2024-09-13 15:56:44 Started transferring output files
...
040 (62047.000.000) 2024-09-13 15:56:45 Finished transferring output files
...
005 (62047.000.000) 2024-09-13 15:56:45 Job terminated.
	(1) Normal termination (return value 1)
		Usr 0 00:00:00, Sys 0 00:00:00  -  Run Remote Usage
		Usr 0 00:00:00, Sys 0 00:00:00  -  Run Local Usage
		Usr 0 00:00:00, Sys 0 00:00:00  -  Total Remote Usage
		Usr 0 00:00:00, Sys 0 00:00:00  -  Total Local Usage
	8801  -  Run Bytes Sent By Job
	1313  -  Run Bytes Received By Job
	8801  -  Total Bytes Sent By Job
	1313  -  Total Bytes Received By Job
	Partitionable Resources :    Usage  Request Allocated Assigned
	   Cpus                 :        0        1         4 
	   Disk (KB)            :       29        2   5611537 
	   Gpus (Average)       :                 2         2 "GPU-4067cfad,GPU-2be55562"
	   Memory (MB)          :             32768     32768 
	   TimeExecute (s)      :       11                    
	   TimeSlotBusy (s)     :       13                    

	Job terminated of its own accord at 2024-09-13T13:56:44Z with exit-code 1.
...
000 (62048.000.000) 2024-09-13 15:59:35 Job submitted from host: <134.96.227.100:9618?addrs=134.96.227.100-9618&alias=conduit.hpc.uni-saarland.de&noUDP&sock=schedd_470837_9912>
...
040 (62048.000.000) 2024-09-13 15:59:51 Started transferring input files
	Transferring to host: <134.96.59.4:9618?addrs=134.96.59.4-9618&alias=bragi.hpc.uni-saarland.de&noUDP&sock=slot1_2_1530358_6751_642>
...
040 (62048.000.000) 2024-09-13 15:59:52 Finished transferring input files
...
001 (62048.000.000) 2024-09-13 15:59:53 Job executing on host: <134.96.59.4:9618?addrs=134.96.59.4-9618&alias=bragi.hpc.uni-saarland.de&noUDP&sock=startd_4738_73cf>
	SlotName: slot1_2@bragi.hpc.uni-saarland.de
	AvailableGPUs = { GPUs_GPU_4067cfad,GPUs_GPU_2be55562 }
	CondorScratchDir = "/raid/condor/lib/condor/execute/dir_1730799"
	Cpus = 4
	Disk = 5611537
	GPUs = 2
	GPUs_GPU_2be55562 = [ DeviceUuid = "2be55562-d687-97be-4f66-637cf2227928"; DevicePciBusId = "0000:8D:00.0"; Capability = 8.0; DeviceName = "NVIDIA A100-SXM4-80GB"; DriverVersion = 12.3; Id = "GPU-2be55562"; ECCEnabled = true; GlobalMemoryMb = 81050; MaxSupportedVersion = 12030 ]
	GPUs_GPU_4067cfad = [ DeviceUuid = "4067cfad-f6e3-8d18-b373-dbfb0a347e7b"; DevicePciBusId = "0000:87:00.0"; Capability = 8.0; DeviceName = "NVIDIA A100-SXM4-80GB"; DriverVersion = 12.3; Id = "GPU-4067cfad"; ECCEnabled = true; GlobalMemoryMb = 81050; MaxSupportedVersion = 12030 ]
	Memory = 32768
...
040 (62048.000.000) 2024-09-13 16:00:05 Started transferring output files
...
040 (62048.000.000) 2024-09-13 16:00:05 Finished transferring output files
...
005 (62048.000.000) 2024-09-13 16:00:05 Job terminated.
	(1) Normal termination (return value 1)
		Usr 0 00:00:00, Sys 0 00:00:00  -  Run Remote Usage
		Usr 0 00:00:00, Sys 0 00:00:00  -  Run Local Usage
		Usr 0 00:00:00, Sys 0 00:00:00  -  Total Remote Usage
		Usr 0 00:00:00, Sys 0 00:00:00  -  Total Local Usage
	6915  -  Run Bytes Sent By Job
	1313  -  Run Bytes Received By Job
	6915  -  Total Bytes Sent By Job
	1313  -  Total Bytes Received By Job
	Partitionable Resources :    Usage  Request Allocated Assigned
	   Cpus                 :     0.08        1         4 
	   Disk (KB)            :    27           2   5611537 
	   Gpus (Average)       :                 2         2 "GPU-4067cfad,GPU-2be55562"
	   Memory (MB)          :             32768     32768 
	   TimeExecute (s)      :    12                       
	   TimeSlotBusy (s)     :    14                       

	Job terminated of its own accord at 2024-09-13T14:00:05Z with exit-code 1.
...
000 (62049.000.000) 2024-09-13 16:01:17 Job submitted from host: <134.96.227.100:9618?addrs=134.96.227.100-9618&alias=conduit.hpc.uni-saarland.de&noUDP&sock=schedd_470837_9912>
...
040 (62049.000.000) 2024-09-13 16:01:32 Started transferring input files
	Transferring to host: <134.96.59.4:9618?addrs=134.96.59.4-9618&alias=bragi.hpc.uni-saarland.de&noUDP&sock=slot1_2_1530358_6751_643>
...
040 (62049.000.000) 2024-09-13 16:01:32 Finished transferring input files
...
001 (62049.000.000) 2024-09-13 16:01:33 Job executing on host: <134.96.59.4:9618?addrs=134.96.59.4-9618&alias=bragi.hpc.uni-saarland.de&noUDP&sock=startd_4738_73cf>
	SlotName: slot1_2@bragi.hpc.uni-saarland.de
	AvailableGPUs = { GPUs_GPU_4067cfad,GPUs_GPU_2be55562 }
	CondorScratchDir = "/raid/condor/lib/condor/execute/dir_1732378"
	Cpus = 4
	Disk = 5611537
	GPUs = 2
	GPUs_GPU_2be55562 = [ DeviceUuid = "2be55562-d687-97be-4f66-637cf2227928"; DevicePciBusId = "0000:8D:00.0"; Capability = 8.0; DeviceName = "NVIDIA A100-SXM4-80GB"; DriverVersion = 12.3; Id = "GPU-2be55562"; ECCEnabled = true; GlobalMemoryMb = 81050; MaxSupportedVersion = 12030 ]
	GPUs_GPU_4067cfad = [ DeviceUuid = "4067cfad-f6e3-8d18-b373-dbfb0a347e7b"; DevicePciBusId = "0000:87:00.0"; Capability = 8.0; DeviceName = "NVIDIA A100-SXM4-80GB"; DriverVersion = 12.3; Id = "GPU-4067cfad"; ECCEnabled = true; GlobalMemoryMb = 81050; MaxSupportedVersion = 12030 ]
	Memory = 32768
...
040 (62049.000.000) 2024-09-13 16:01:44 Started transferring output files
...
040 (62049.000.000) 2024-09-13 16:01:44 Finished transferring output files
...
005 (62049.000.000) 2024-09-13 16:01:44 Job terminated.
	(1) Normal termination (return value 1)
		Usr 0 00:00:00, Sys 0 00:00:00  -  Run Remote Usage
		Usr 0 00:00:00, Sys 0 00:00:00  -  Run Local Usage
		Usr 0 00:00:00, Sys 0 00:00:00  -  Total Remote Usage
		Usr 0 00:00:00, Sys 0 00:00:00  -  Total Local Usage
	8001  -  Run Bytes Sent By Job
	1313  -  Run Bytes Received By Job
	8001  -  Total Bytes Sent By Job
	1313  -  Total Bytes Received By Job
	Partitionable Resources :    Usage  Request Allocated Assigned
	   Cpus                 :        0        1         4 
	   Disk (KB)            :       28        2   5611537 
	   Gpus (Average)       :        0        2         2 "GPU-4067cfad,GPU-2be55562"
	   GpusMemory (MB)      :      879                    
	   Memory (MB)          :             32768     32768 
	   TimeExecute (s)      :       10                    
	   TimeSlotBusy (s)     :       13                    

	Job terminated of its own accord at 2024-09-13T14:01:43Z with exit-code 1.
...
000 (62050.000.000) 2024-09-13 16:09:16 Job submitted from host: <134.96.227.100:9618?addrs=134.96.227.100-9618&alias=conduit.hpc.uni-saarland.de&noUDP&sock=schedd_470837_9912>
...
040 (62050.000.000) 2024-09-13 16:09:22 Started transferring input files
	Transferring to host: <134.96.59.4:9618?addrs=134.96.59.4-9618&alias=bragi.hpc.uni-saarland.de&noUDP&sock=slot1_2_1530358_6751_644>
...
040 (62050.000.000) 2024-09-13 16:09:23 Finished transferring input files
...
001 (62050.000.000) 2024-09-13 16:09:24 Job executing on host: <134.96.59.4:9618?addrs=134.96.59.4-9618&alias=bragi.hpc.uni-saarland.de&noUDP&sock=startd_4738_73cf>
	SlotName: slot1_2@bragi.hpc.uni-saarland.de
	AvailableGPUs = { GPUs_GPU_4067cfad,GPUs_GPU_2be55562 }
	CondorScratchDir = "/raid/condor/lib/condor/execute/dir_1736865"
	Cpus = 4
	Disk = 5611537
	GPUs = 2
	GPUs_GPU_2be55562 = [ DeviceUuid = "2be55562-d687-97be-4f66-637cf2227928"; DevicePciBusId = "0000:8D:00.0"; Capability = 8.0; DeviceName = "NVIDIA A100-SXM4-80GB"; DriverVersion = 12.3; Id = "GPU-2be55562"; ECCEnabled = true; GlobalMemoryMb = 81050; MaxSupportedVersion = 12030 ]
	GPUs_GPU_4067cfad = [ DeviceUuid = "4067cfad-f6e3-8d18-b373-dbfb0a347e7b"; DevicePciBusId = "0000:87:00.0"; Capability = 8.0; DeviceName = "NVIDIA A100-SXM4-80GB"; DriverVersion = 12.3; Id = "GPU-4067cfad"; ECCEnabled = true; GlobalMemoryMb = 81050; MaxSupportedVersion = 12030 ]
	Memory = 32768
...
040 (62050.000.000) 2024-09-13 16:09:36 Started transferring output files
...
040 (62050.000.000) 2024-09-13 16:09:36 Finished transferring output files
...
005 (62050.000.000) 2024-09-13 16:09:36 Job terminated.
	(1) Normal termination (return value 1)
		Usr 0 00:00:00, Sys 0 00:00:00  -  Run Remote Usage
		Usr 0 00:00:00, Sys 0 00:00:00  -  Run Local Usage
		Usr 0 00:00:00, Sys 0 00:00:00  -  Total Remote Usage
		Usr 0 00:00:00, Sys 0 00:00:00  -  Total Local Usage
	8987  -  Run Bytes Sent By Job
	1313  -  Run Bytes Received By Job
	8987  -  Total Bytes Sent By Job
	1313  -  Total Bytes Received By Job
	Partitionable Resources :    Usage  Request Allocated Assigned
	   Cpus                 :        0        1         4 
	   Disk (KB)            :       29        2   5611537 
	   Gpus (Average)       :        0        2         2 "GPU-4067cfad,GPU-2be55562"
	   GpusMemory (MB)      :      879                    
	   Memory (MB)          :             32768     32768 
	   TimeExecute (s)      :       11                    
	   TimeSlotBusy (s)     :       14                    

	Job terminated of its own accord at 2024-09-13T14:09:35Z with exit-code 1.
...
000 (62051.000.000) 2024-09-13 16:15:19 Job submitted from host: <134.96.227.100:9618?addrs=134.96.227.100-9618&alias=conduit.hpc.uni-saarland.de&noUDP&sock=schedd_470837_9912>
...
040 (62051.000.000) 2024-09-13 16:15:20 Started transferring input files
	Transferring to host: <134.96.59.4:9618?addrs=134.96.59.4-9618&alias=bragi.hpc.uni-saarland.de&noUDP&sock=slot1_1_1530358_6751_645>
...
040 (62051.000.000) 2024-09-13 16:15:20 Finished transferring input files
...
001 (62051.000.000) 2024-09-13 16:15:21 Job executing on host: <134.96.59.4:9618?addrs=134.96.59.4-9618&alias=bragi.hpc.uni-saarland.de&noUDP&sock=startd_4738_73cf>
	SlotName: slot1_1@bragi.hpc.uni-saarland.de
	AvailableGPUs = { GPUs_GPU_ca130d55,GPUs_GPU_31f57da0 }
	CondorScratchDir = "/raid/condor/lib/condor/execute/dir_1740585"
	Cpus = 4
	Disk = 5611537
	GPUs = 2
	GPUs_GPU_31f57da0 = [ DeviceUuid = "31f57da0-db00-9dde-a067-406feb4079b4"; DevicePciBusId = "0000:0A:00.0"; Capability = 8.0; DeviceName = "NVIDIA A100-SXM4-80GB"; DriverVersion = 12.3; Id = "GPU-31f57da0"; ECCEnabled = true; GlobalMemoryMb = 81050; MaxSupportedVersion = 12030 ]
	GPUs_GPU_ca130d55 = [ DeviceUuid = "ca130d55-4b64-f432-d3fd-f483be914d05"; DevicePciBusId = "0000:07:00.0"; Capability = 8.0; DeviceName = "NVIDIA A100-SXM4-80GB"; DriverVersion = 12.3; Id = "GPU-ca130d55"; ECCEnabled = true; GlobalMemoryMb = 81050; MaxSupportedVersion = 12030 ]
	Memory = 32768
...
040 (62051.000.000) 2024-09-13 16:15:32 Started transferring output files
...
040 (62051.000.000) 2024-09-13 16:15:32 Finished transferring output files
...
005 (62051.000.000) 2024-09-13 16:15:32 Job terminated.
	(1) Normal termination (return value 1)
		Usr 0 00:00:00, Sys 0 00:00:00  -  Run Remote Usage
		Usr 0 00:00:00, Sys 0 00:00:00  -  Run Local Usage
		Usr 0 00:00:00, Sys 0 00:00:00  -  Total Remote Usage
		Usr 0 00:00:00, Sys 0 00:00:00  -  Total Local Usage
	9500  -  Run Bytes Sent By Job
	1313  -  Run Bytes Received By Job
	9500  -  Total Bytes Sent By Job
	1313  -  Total Bytes Received By Job
	Partitionable Resources :    Usage  Request Allocated Assigned
	   Cpus                 :     0.08        1         4 
	   Disk (KB)            :    30           2   5611537 
	   Gpus (Average)       :                 2         2 "GPU-ca130d55,GPU-31f57da0"
	   Memory (MB)          :             32768     32768 
	   TimeExecute (s)      :    10                       
	   TimeSlotBusy (s)     :    13                       

	Job terminated of its own accord at 2024-09-13T14:15:31Z with exit-code 1.
...
000 (62052.000.000) 2024-09-13 16:18:42 Job submitted from host: <134.96.227.100:9618?addrs=134.96.227.100-9618&alias=conduit.hpc.uni-saarland.de&noUDP&sock=schedd_470837_9912>
...
040 (62052.000.000) 2024-09-13 16:18:43 Started transferring input files
	Transferring to host: <134.96.59.4:9618?addrs=134.96.59.4-9618&alias=bragi.hpc.uni-saarland.de&noUDP&sock=slot1_1_1530358_6751_646>
...
040 (62052.000.000) 2024-09-13 16:18:43 Finished transferring input files
...
001 (62052.000.000) 2024-09-13 16:18:44 Job executing on host: <134.96.59.4:9618?addrs=134.96.59.4-9618&alias=bragi.hpc.uni-saarland.de&noUDP&sock=startd_4738_73cf>
	SlotName: slot1_1@bragi.hpc.uni-saarland.de
	AvailableGPUs = { GPUs_GPU_ca130d55,GPUs_GPU_31f57da0 }
	CondorScratchDir = "/raid/condor/lib/condor/execute/dir_1742733"
	Cpus = 4
	Disk = 5611537
	GPUs = 2
	GPUs_GPU_31f57da0 = [ DeviceUuid = "31f57da0-db00-9dde-a067-406feb4079b4"; DevicePciBusId = "0000:0A:00.0"; Capability = 8.0; DeviceName = "NVIDIA A100-SXM4-80GB"; DriverVersion = 12.3; Id = "GPU-31f57da0"; ECCEnabled = true; GlobalMemoryMb = 81050; MaxSupportedVersion = 12030 ]
	GPUs_GPU_ca130d55 = [ DeviceUuid = "ca130d55-4b64-f432-d3fd-f483be914d05"; DevicePciBusId = "0000:07:00.0"; Capability = 8.0; DeviceName = "NVIDIA A100-SXM4-80GB"; DriverVersion = 12.3; Id = "GPU-ca130d55"; ECCEnabled = true; GlobalMemoryMb = 81050; MaxSupportedVersion = 12030 ]
	Memory = 32768
...
040 (62052.000.000) 2024-09-13 16:18:55 Started transferring output files
...
040 (62052.000.000) 2024-09-13 16:18:55 Finished transferring output files
...
005 (62052.000.000) 2024-09-13 16:18:55 Job terminated.
	(1) Normal termination (return value 1)
		Usr 0 00:00:00, Sys 0 00:00:00  -  Run Remote Usage
		Usr 0 00:00:00, Sys 0 00:00:00  -  Run Local Usage
		Usr 0 00:00:00, Sys 0 00:00:00  -  Total Remote Usage
		Usr 0 00:00:00, Sys 0 00:00:00  -  Total Local Usage
	8270  -  Run Bytes Sent By Job
	1313  -  Run Bytes Received By Job
	8270  -  Total Bytes Sent By Job
	1313  -  Total Bytes Received By Job
	Partitionable Resources :    Usage  Request Allocated Assigned
	   Cpus                 :        0        1         4 
	   Disk (KB)            :       29        2   5611537 
	   Gpus (Average)       :                 2         2 "GPU-ca130d55,GPU-31f57da0"
	   Memory (MB)          :             32768     32768 
	   TimeExecute (s)      :       11                    
	   TimeSlotBusy (s)     :       12                    

	Job terminated of its own accord at 2024-09-13T14:18:55Z with exit-code 1.
...
000 (62053.000.000) 2024-09-13 16:19:59 Job submitted from host: <134.96.227.100:9618?addrs=134.96.227.100-9618&alias=conduit.hpc.uni-saarland.de&noUDP&sock=schedd_470837_9912>
...
040 (62053.000.000) 2024-09-13 16:20:02 Started transferring input files
	Transferring to host: <134.96.59.4:9618?addrs=134.96.59.4-9618&alias=bragi.hpc.uni-saarland.de&noUDP&sock=slot1_1_1530358_6751_647>
...
040 (62053.000.000) 2024-09-13 16:20:03 Finished transferring input files
...
001 (62053.000.000) 2024-09-13 16:20:04 Job executing on host: <134.96.59.4:9618?addrs=134.96.59.4-9618&alias=bragi.hpc.uni-saarland.de&noUDP&sock=startd_4738_73cf>
	SlotName: slot1_1@bragi.hpc.uni-saarland.de
	AvailableGPUs = { GPUs_GPU_ca130d55,GPUs_GPU_31f57da0 }
	CondorScratchDir = "/raid/condor/lib/condor/execute/dir_1744321"
	Cpus = 4
	Disk = 5611537
	GPUs = 2
	GPUs_GPU_31f57da0 = [ DeviceUuid = "31f57da0-db00-9dde-a067-406feb4079b4"; DevicePciBusId = "0000:0A:00.0"; Capability = 8.0; DeviceName = "NVIDIA A100-SXM4-80GB"; DriverVersion = 12.3; Id = "GPU-31f57da0"; ECCEnabled = true; GlobalMemoryMb = 81050; MaxSupportedVersion = 12030 ]
	GPUs_GPU_ca130d55 = [ DeviceUuid = "ca130d55-4b64-f432-d3fd-f483be914d05"; DevicePciBusId = "0000:07:00.0"; Capability = 8.0; DeviceName = "NVIDIA A100-SXM4-80GB"; DriverVersion = 12.3; Id = "GPU-ca130d55"; ECCEnabled = true; GlobalMemoryMb = 81050; MaxSupportedVersion = 12030 ]
	Memory = 32768
...
040 (62053.000.000) 2024-09-13 16:20:15 Started transferring output files
...
040 (62053.000.000) 2024-09-13 16:20:15 Finished transferring output files
...
005 (62053.000.000) 2024-09-13 16:20:15 Job terminated.
	(1) Normal termination (return value 1)
		Usr 0 00:00:00, Sys 0 00:00:00  -  Run Remote Usage
		Usr 0 00:00:00, Sys 0 00:00:00  -  Run Local Usage
		Usr 0 00:00:00, Sys 0 00:00:00  -  Total Remote Usage
		Usr 0 00:00:00, Sys 0 00:00:00  -  Total Local Usage
	9363  -  Run Bytes Sent By Job
	1313  -  Run Bytes Received By Job
	9363  -  Total Bytes Sent By Job
	1313  -  Total Bytes Received By Job
	Partitionable Resources :    Usage  Request Allocated Assigned
	   Cpus                 :        0        1         4 
	   Disk (KB)            :       30        2   5611537 
	   Gpus (Average)       :                 2         2 "GPU-ca130d55,GPU-31f57da0"
	   Memory (MB)          :             32768     32768 
	   TimeExecute (s)      :       11                    
	   TimeSlotBusy (s)     :       13                    

	Job terminated of its own accord at 2024-09-13T14:20:15Z with exit-code 1.
...
