
==========
== CUDA ==
==========

CUDA Version 12.1.1

Container image Copyright (c) 2016-2023, NVIDIA CORPORATION & AFFILIATES. All rights reserved.

This container image and its contents are governed by the NVIDIA Deep Learning Container License.
By pulling and using the container, you accept the terms and conditions of this license:
https://developer.nvidia.com/ngc/nvidia-deep-learning-container-license

A copy of this license is made available in this container at /NGC-DL-CONTAINER-LICENSE for your convenience.

'PROJECT_ROOT=/home/hepe00001/deeplayout/DeepLayout'
home is /home/hepe00001
CONDA path is set to: /home/hepe00001/miniconda3/bin/conda
Attempting to run conda from: /home/hepe00001/miniconda3/bin/conda
conda 24.7.1
hevv
Current PATH: /opt/conda/bin:/usr/local/nvidia/bin:/usr/local/cuda/bin:/usr/local/sbin:/usr/local/bin:/usr/sbin:/usr/bin:/sbin:/bin
/home/hepe00001/deeplayout/DeepLayout/layout_transformer/main.py --data_dir /MNIST --threshold 1 --exp mnist_threshold_1
Running /home/hepe00001/deeplayout/DeepLayout/layout_transformer/main.py in conda env layout
Fri Sep 13 14:20:07 2024       
+---------------------------------------------------------------------------------------+
| NVIDIA-SMI 545.23.08              Driver Version: 545.23.08    CUDA Version: 12.3     |
|-----------------------------------------+----------------------+----------------------+
| GPU  Name                 Persistence-M | Bus-Id        Disp.A | Volatile Uncorr. ECC |
| Fan  Temp   Perf          Pwr:Usage/Cap |         Memory-Usage | GPU-Util  Compute M. |
|                                         |                      |               MIG M. |
|=========================================+======================+======================|
|   0  NVIDIA A100-SXM4-80GB          On  | 00000000:07:00.0 Off |                    0 |
| N/A   30C    P0              61W / 400W |      7MiB / 81920MiB |      0%      Default |
|                                         |                      |             Disabled |
+-----------------------------------------+----------------------+----------------------+
|   1  NVIDIA A100-SXM4-80GB          On  | 00000000:0A:00.0 Off |                    0 |
| N/A   28C    P0              59W / 400W |      7MiB / 81920MiB |      0%      Default |
|                                         |                      |             Disabled |
+-----------------------------------------+----------------------+----------------------+
                                                                                         
+---------------------------------------------------------------------------------------+
| Processes:                                                                            |
|  GPU   GI   CI        PID   Type   Process name                            GPU Memory |
|        ID   ID                                                             Usage      |
|=======================================================================================|
|  No running processes found                                                           |
+---------------------------------------------------------------------------------------+
GPU-ca130d55,GPU-31f57da0
hepe00001-62053.0-bragi.hpc.uni-saarland.de
/home/hepe00001/miniconda3/envs/layout/bin/python
Package             Version
------------------- -----------
asttokens           2.4.1
backcall            0.2.0
certifi             2024.8.30
charset-normalizer  3.3.2
click               8.1.7
contourpy           1.1.1
cycler              0.12.1
decorator           5.1.1
docker-pycreds      0.4.0
executing           2.1.0
fonttools           4.53.1
gitdb               4.0.11
GitPython           3.1.43
idna                3.8
importlib-resources 6.4.5
ipdb                0.13.13
ipython             8.12.3
jedi                0.19.1
joblib              1.4.2
kiwisolver          1.4.7
matplotlib          3.7.5
matplotlib-inline   0.1.7
numpy               1.24.4
packaging           24.1
pandas              2.0.3
parso               0.8.4
pexpect             4.9.0
pickleshare         0.7.5
Pillow              9.4.0
pip                 20.3.4
platformdirs        4.3.2
prompt-toolkit      3.0.47
protobuf            5.28.1
psutil              6.0.0
ptyprocess          0.7.0
pure-eval           0.2.3
pygments            2.18.0
pyparsing           3.1.4
python-dateutil     2.9.0.post0
pytz                2024.2
PyYAML              6.0.2
requests            2.32.3
scikit-learn        1.0.2
scipy               1.8.0
seaborn             0.13.2
sentry-sdk          2.14.0
setproctitle        1.3.3
setuptools          73.0.1
six                 1.16.0
smmap               5.0.1
stack-data          0.6.3
tabulate            0.9.0
threadpoolctl       3.5.0
tomli               2.0.1
torch               1.7.0
torchvision         0.8.1
tqdm                4.66.5
traitlets           5.14.3
typing-extensions   4.12.2
tzdata              2024.1
urllib3             2.2.2
wandb               0.18.0
wcwidth             0.2.13
wheel               0.44.0
zipp                3.20.1
using device: cuda
args.data_dir /MNIST
args.log_dir /home/hepe00001/deeplayout/DeepLayout/layout_transformer/logs/MNISTLayout/
Downloading http://yann.lecun.com/exdb/mnist/train-images-idx3-ubyte.gz to /home/hepe00001/deeplayout/DeepLayout/layout_transformer/logs/MNISTLayout/MNISTLayout/raw/train-images-idx3-ubyte.gz
Redirected to https://yann.lecun.com/exdb/mnist/train-images-idx3-ubyte.gz

